# JRE version: Java(TM) SE Runtime Environment (8.0_171-b11) (build 1.8.0_171-b11)
# Java VM: Java HotSpot(TM) 64-Bit Server VM (25.171-b11 mixed mode windows-amd64 compressed oops)
Heap:
 PSYoungGen      total 80384K, used 21372K [0x00000000f5e00000, 0x00000000fb180000, 0x0000000100000000)
  eden space 78848K, 25% used [0x00000000f5e00000,0x00000000f71964b8,0x00000000fab00000)
  from space 1536K, 85% used [0x00000000fb000000,0x00000000fb148c40,0x00000000fb180000)
  to   space 3072K, 0% used [0x00000000fab80000,0x00000000fab80000,0x00000000fae80000)
 ParOldGen       total 23552K, used 7406K [0x00000000e1a00000, 0x00000000e3100000, 0x00000000f5e00000)
  object space 23552K, 31% used [0x00000000e1a00000,0x00000000e213b9b8,0x00000000e3100000)
 Metaspace       used 24624K, capacity 25406K, committed 25728K, reserved 1071104K
  class space    used 3143K, capacity 3332K, committed 3456K, reserved 1048576K
GC Heap History (10 events):
Event: 7.399 GC heap before
{Heap before GC invocations=13 (full 1):
 PSYoungGen      total 26112K, used 23750K [0x00000000f5e00000, 0x00000000f8680000, 0x0000000100000000)
  eden space 23040K, 99% used [0x00000000f5e00000,0x00000000f74783d8,0x00000000f7480000)
  from space 3072K, 24% used [0x00000000f7480000,0x00000000f75395e8,0x00000000f7780000)
  to   space 3072K, 0% used [0x00000000f8380000,0x00000000f8380000,0x00000000f8680000)
 ParOldGen       total 23552K, used 6844K [0x00000000e1a00000, 0x00000000e3100000, 0x00000000f5e00000)
  object space 23552K, 29% used [0x00000000e1a00000,0x00000000e20af0f8,0x00000000e3100000)
 Metaspace       used 22298K, capacity 23050K, committed 23168K, reserved 1069056K
  class space    used 2904K, capacity 3100K, committed 3200K, reserved 1048576K
Event: 7.408 GC heap after
Heap after GC invocations=13 (full 1):
 PSYoungGen      total 37888K, used 214K [0x00000000f5e00000, 0x00000000f8800000, 0x0000000100000000)
  eden space 34816K, 0% used [0x00000000f5e00000,0x00000000f5e00000,0x00000000f8000000)
  from space 3072K, 6% used [0x00000000f8380000,0x00000000f83b5b18,0x00000000f8680000)
  to   space 3584K, 0% used [0x00000000f8000000,0x00000000f8000000,0x00000000f8380000)
 ParOldGen       total 23552K, used 7398K [0x00000000e1a00000, 0x00000000e3100000, 0x00000000f5e00000)
  object space 23552K, 31% used [0x00000000e1a00000,0x00000000e21399b8,0x00000000e3100000)
 Metaspace       used 22298K, capacity 23050K, committed 23168K, reserved 1069056K
  class space    used 2904K, capacity 3100K, committed 3200K, reserved 1048576K
}
Event: 7.450 GC heap before
{Heap before GC invocations=14 (full 1):
 PSYoungGen      total 37888K, used 34939K [0x00000000f5e00000, 0x00000000f8800000, 0x0000000100000000)
  eden space 34816K, 99% used [0x00000000f5e00000,0x00000000f7fe93d0,0x00000000f8000000)
  from space 3072K, 6% used [0x00000000f8380000,0x00000000f83b5b18,0x00000000f8680000)
  to   space 3584K, 0% used [0x00000000f8000000,0x00000000f8000000,0x00000000f8380000)
 ParOldGen       total 23552K, used 7398K [0x00000000e1a00000, 0x00000000e3100000, 0x00000000f5e00000)
  object space 23552K, 31% used [0x00000000e1a00000,0x00000000e21399b8,0x00000000e3100000)
 Metaspace       used 22298K, capacity 23050K, committed 23168K, reserved 1069056K
  class space    used 2904K, capacity 3100K, committed 3200K, reserved 1048576K
Event: 7.454 GC heap after
Heap after GC invocations=14 (full 1):
 PSYoungGen      total 38400K, used 339K [0x00000000f5e00000, 0x00000000f9900000, 0x0000000100000000)
  eden space 34816K, 0% used [0x00000000f5e00000,0x00000000f5e00000,0x00000000f8000000)
  from space 3584K, 9% used [0x00000000f8000000,0x00000000f8054e10,0x00000000f8380000)
  to   space 3584K, 0% used [0x00000000f9580000,0x00000000f9580000,0x00000000f9900000)
 ParOldGen       total 23552K, used 7398K [0x00000000e1a00000, 0x00000000e3100000, 0x00000000f5e00000)
  object space 23552K, 31% used [0x00000000e1a00000,0x00000000e21399b8,0x00000000e3100000)
 Metaspace       used 22298K, capacity 23050K, committed 23168K, reserved 1069056K
  class space    used 2904K, capacity 3100K, committed 3200K, reserved 1048576K
}
Event: 7.483 GC heap before
{Heap before GC invocations=15 (full 1):
 PSYoungGen      total 38400K, used 35101K [0x00000000f5e00000, 0x00000000f9900000, 0x0000000100000000)
  eden space 34816K, 99% used [0x00000000f5e00000,0x00000000f7ff2818,0x00000000f8000000)
  from space 3584K, 9% used [0x00000000f8000000,0x00000000f8054e10,0x00000000f8380000)
  to   space 3584K, 0% used [0x00000000f9580000,0x00000000f9580000,0x00000000f9900000)
 ParOldGen       total 23552K, used 7398K [0x00000000e1a00000, 0x00000000e3100000, 0x00000000f5e00000)
  object space 23552K, 31% used [0x00000000e1a00000,0x00000000e21399b8,0x00000000e3100000)
 Metaspace       used 22298K, capacity 23050K, committed 23168K, reserved 1069056K
  class space    used 2904K, capacity 3100K, committed 3200K, reserved 1048576K
Event: 7.487 GC heap after
Heap after GC invocations=15 (full 1):
 PSYoungGen      total 56832K, used 282K [0x00000000f5e00000, 0x00000000f9900000, 0x0000000100000000)
  eden space 53248K, 0% used [0x00000000f5e00000,0x00000000f5e00000,0x00000000f9200000)
  from space 3584K, 7% used [0x00000000f9580000,0x00000000f95c69b0,0x00000000f9900000)
  to   space 3584K, 0% used [0x00000000f9200000,0x00000000f9200000,0x00000000f9580000)
 ParOldGen       total 23552K, used 7398K [0x00000000e1a00000, 0x00000000e3100000, 0x00000000f5e00000)
  object space 23552K, 31% used [0x00000000e1a00000,0x00000000e21399b8,0x00000000e3100000)
 Metaspace       used 22298K, capacity 23050K, committed 23168K, reserved 1069056K
  class space    used 2904K, capacity 3100K, committed 3200K, reserved 1048576K
}
Event: 7.554 GC heap before
{Heap before GC invocations=16 (full 1):
 PSYoungGen      total 56832K, used 53430K [0x00000000f5e00000, 0x00000000f9900000, 0x0000000100000000)
  eden space 53248K, 99% used [0x00000000f5e00000,0x00000000f91e7018,0x00000000f9200000)
  from space 3584K, 7% used [0x00000000f9580000,0x00000000f95c69b0,0x00000000f9900000)
  to   space 3584K, 0% used [0x00000000f9200000,0x00000000f9200000,0x00000000f9580000)
 ParOldGen       total 23552K, used 7398K [0x00000000e1a00000, 0x00000000e3100000, 0x00000000f5e00000)
  object space 23552K, 31% used [0x00000000e1a00000,0x00000000e21399b8,0x00000000e3100000)
 Metaspace       used 22298K, capacity 23050K, committed 23168K, reserved 1069056K
  class space    used 2904K, capacity 3100K, committed 3200K, reserved 1048576K
Event: 7.557 GC heap after
Heap after GC invocations=16 (full 1):
 PSYoungGen      total 56832K, used 417K [0x00000000f5e00000, 0x00000000fb380000, 0x0000000100000000)
  eden space 53248K, 0% used [0x00000000f5e00000,0x00000000f5e00000,0x00000000f9200000)
  from space 3584K, 11% used [0x00000000f9200000,0x00000000f9268760,0x00000000f9580000)
  to   space 3584K, 0% used [0x00000000fb000000,0x00000000fb000000,0x00000000fb380000)
 ParOldGen       total 23552K, used 7398K [0x00000000e1a00000, 0x00000000e3100000, 0x00000000f5e00000)
  object space 23552K, 31% used [0x00000000e1a00000,0x00000000e21399b8,0x00000000e3100000)
 Metaspace       used 22298K, capacity 23050K, committed 23168K, reserved 1069056K
  class space    used 2904K, capacity 3100K, committed 3200K, reserved 1048576K
}
Event: 10.435 GC heap before
{Heap before GC invocations=17 (full 1):
 PSYoungGen      total 56832K, used 53583K [0x00000000f5e00000, 0x00000000fb380000, 0x0000000100000000)
  eden space 53248K, 99% used [0x00000000f5e00000,0x00000000f91eb7e8,0x00000000f9200000)
  from space 3584K, 11% used [0x00000000f9200000,0x00000000f9268760,0x00000000f9580000)
  to   space 3584K, 0% used [0x00000000fb000000,0x00000000fb000000,0x00000000fb380000)
 ParOldGen       total 23552K, used 7398K [0x00000000e1a00000, 0x00000000e3100000, 0x00000000f5e00000)
  object space 23552K, 31% used [0x00000000e1a00000,0x00000000e21399b8,0x00000000e3100000)
 Metaspace       used 22818K, capacity 23562K, committed 23680K, reserved 1069056K
  class space    used 2950K, capacity 3138K, committed 3200K, reserved 1048576K
Event: 10.448 GC heap after
Heap after GC invocations=17 (full 1):
 PSYoungGen      total 80384K, used 1315K [0x00000000f5e00000, 0x00000000fb180000, 0x0000000100000000)
  eden space 78848K, 0% used [0x00000000f5e00000,0x00000000f5e00000,0x00000000fab00000)
  from space 1536K, 85% used [0x00000000fb000000,0x00000000fb148c40,0x00000000fb180000)
  to   space 3072K, 0% used [0x00000000fab80000,0x00000000fab80000,0x00000000fae80000)
 ParOldGen       total 23552K, used 7406K [0x00000000e1a00000, 0x00000000e3100000, 0x00000000f5e00000)
  object space 23552K, 31% used [0x00000000e1a00000,0x00000000e213b9b8,0x00000000e3100000)
 Metaspace       used 22818K, capacity 23562K, committed 23680K, reserved 1069056K
  class space    used 2950K, capacity 3138K, committed 3200K, reserved 1048576K
}

