# JRE version: Java(TM) SE Runtime Environment (8.0_171-b11) (build 1.8.0_171-b11)
# Java VM: Java HotSpot(TM) 64-Bit Server VM (25.171-b11 mixed mode windows-amd64 compressed oops)
Heap:
 PSYoungGen      total 9728K, used 3044K [0x00000000f5e00000, 0x00000000f6880000, 0x0000000100000000)
  eden space 8704K, 34% used [0x00000000f5e00000,0x00000000f60f9048,0x00000000f6680000)
  from space 1024K, 0% used [0x00000000f6680000,0x00000000f6680000,0x00000000f6780000)
  to   space 1024K, 0% used [0x00000000f6780000,0x00000000f6780000,0x00000000f6880000)
 ParOldGen       total 22016K, used 6010K [0x00000000e1a00000, 0x00000000e2f80000, 0x00000000f5e00000)
  object space 22016K, 27% used [0x00000000e1a00000,0x00000000e1fdea18,0x00000000e2f80000)
 Metaspace       used 21111K, capacity 21788K, committed 21888K, reserved 1069056K
  class space    used 2763K, capacity 2921K, committed 2944K, reserved 1048576K
GC Heap History (10 events):
Event: 11.585 GC heap before
{Heap before GC invocations=2 (full 0):
 PSYoungGen      total 9728K, used 9717K [0x00000000f5e00000, 0x00000000f6880000, 0x0000000100000000)
  eden space 8704K, 100% used [0x00000000f5e00000,0x00000000f6680000,0x00000000f6680000)
  from space 1024K, 98% used [0x00000000f6680000,0x00000000f677d640,0x00000000f6780000)
  to   space 1024K, 0% used [0x00000000f6780000,0x00000000f6780000,0x00000000f6880000)
 ParOldGen       total 22016K, used 588K [0x00000000e1a00000, 0x00000000e2f80000, 0x00000000f5e00000)
  object space 22016K, 2% used [0x00000000e1a00000,0x00000000e1a93020,0x00000000e2f80000)
 Metaspace       used 15281K, capacity 15676K, committed 15872K, reserved 1062912K
  class space    used 1876K, capacity 2015K, committed 2048K, reserved 1048576K
Event: 11.606 GC heap after
Heap after GC invocations=2 (full 0):
 PSYoungGen      total 9728K, used 1013K [0x00000000f5e00000, 0x00000000f6880000, 0x0000000100000000)
  eden space 8704K, 0% used [0x00000000f5e00000,0x00000000f5e00000,0x00000000f6680000)
  from space 1024K, 98% used [0x00000000f6780000,0x00000000f687d630,0x00000000f6880000)
  to   space 1024K, 0% used [0x00000000f6680000,0x00000000f6680000,0x00000000f6780000)
 ParOldGen       total 22016K, used 2599K [0x00000000e1a00000, 0x00000000e2f80000, 0x00000000f5e00000)
  object space 22016K, 11% used [0x00000000e1a00000,0x00000000e1c89d18,0x00000000e2f80000)
 Metaspace       used 15281K, capacity 15676K, committed 15872K, reserved 1062912K
  class space    used 1876K, capacity 2015K, committed 2048K, reserved 1048576K
}
Event: 13.710 GC heap before
{Heap before GC invocations=3 (full 0):
 PSYoungGen      total 9728K, used 9717K [0x00000000f5e00000, 0x00000000f6880000, 0x0000000100000000)
  eden space 8704K, 100% used [0x00000000f5e00000,0x00000000f6680000,0x00000000f6680000)
  from space 1024K, 98% used [0x00000000f6780000,0x00000000f687d630,0x00000000f6880000)
  to   space 1024K, 0% used [0x00000000f6680000,0x00000000f6680000,0x00000000f6780000)
 ParOldGen       total 22016K, used 2599K [0x00000000e1a00000, 0x00000000e2f80000, 0x00000000f5e00000)
  object space 22016K, 11% used [0x00000000e1a00000,0x00000000e1c89d18,0x00000000e2f80000)
 Metaspace       used 18197K, capacity 18764K, committed 18944K, reserved 1064960K
  class space    used 2322K, capacity 2495K, committed 2560K, reserved 1048576K
Event: 13.720 GC heap after
Heap after GC invocations=3 (full 0):
 PSYoungGen      total 9728K, used 1013K [0x00000000f5e00000, 0x00000000f6880000, 0x0000000100000000)
  eden space 8704K, 0% used [0x00000000f5e00000,0x00000000f5e00000,0x00000000f6680000)
  from space 1024K, 98% used [0x00000000f6680000,0x00000000f677d620,0x00000000f6780000)
  to   space 1024K, 0% used [0x00000000f6780000,0x00000000f6780000,0x00000000f6880000)
 ParOldGen       total 22016K, used 4276K [0x00000000e1a00000, 0x00000000e2f80000, 0x00000000f5e00000)
  object space 22016K, 19% used [0x00000000e1a00000,0x00000000e1e2d318,0x00000000e2f80000)
 Metaspace       used 18197K, capacity 18764K, committed 18944K, reserved 1064960K
  class space    used 2322K, capacity 2495K, committed 2560K, reserved 1048576K
}
Event: 14.478 GC heap before
{Heap before GC invocations=4 (full 0):
 PSYoungGen      total 9728K, used 9717K [0x00000000f5e00000, 0x00000000f6880000, 0x0000000100000000)
  eden space 8704K, 100% used [0x00000000f5e00000,0x00000000f6680000,0x00000000f6680000)
  from space 1024K, 98% used [0x00000000f6680000,0x00000000f677d620,0x00000000f6780000)
  to   space 1024K, 0% used [0x00000000f6780000,0x00000000f6780000,0x00000000f6880000)
 ParOldGen       total 22016K, used 4276K [0x00000000e1a00000, 0x00000000e2f80000, 0x00000000f5e00000)
  object space 22016K, 19% used [0x00000000e1a00000,0x00000000e1e2d318,0x00000000e2f80000)
 Metaspace       used 19858K, capacity 20530K, committed 20736K, reserved 1069056K
  class space    used 2609K, capacity 2804K, committed 2816K, reserved 1048576K
Event: 14.488 GC heap after
Heap after GC invocations=4 (full 0):
 PSYoungGen      total 9728K, used 1013K [0x00000000f5e00000, 0x00000000f6880000, 0x0000000100000000)
  eden space 8704K, 0% used [0x00000000f5e00000,0x00000000f5e00000,0x00000000f6680000)
  from space 1024K, 98% used [0x00000000f6780000,0x00000000f687d610,0x00000000f6880000)
  to   space 1024K, 0% used [0x00000000f6680000,0x00000000f6680000,0x00000000f6780000)
 ParOldGen       total 22016K, used 5508K [0x00000000e1a00000, 0x00000000e2f80000, 0x00000000f5e00000)
  object space 22016K, 25% used [0x00000000e1a00000,0x00000000e1f61338,0x00000000e2f80000)
 Metaspace       used 19858K, capacity 20530K, committed 20736K, reserved 1069056K
  class space    used 2609K, capacity 2804K, committed 2816K, reserved 1048576K
}
Event: 14.964 GC heap before
{Heap before GC invocations=5 (full 0):
 PSYoungGen      total 9728K, used 2670K [0x00000000f5e00000, 0x00000000f6880000, 0x0000000100000000)
  eden space 8704K, 19% used [0x00000000f5e00000,0x00000000f5f9e410,0x00000000f6680000)
  from space 1024K, 98% used [0x00000000f6780000,0x00000000f687d610,0x00000000f6880000)
  to   space 1024K, 0% used [0x00000000f6680000,0x00000000f6680000,0x00000000f6780000)
 ParOldGen       total 22016K, used 5508K [0x00000000e1a00000, 0x00000000e2f80000, 0x00000000f5e00000)
  object space 22016K, 25% used [0x00000000e1a00000,0x00000000e1f61338,0x00000000e2f80000)
 Metaspace       used 20544K, capacity 21230K, committed 21296K, reserved 1069056K
  class space    used 2705K, capacity 2886K, committed 2944K, reserved 1048576K
Event: 14.980 GC heap after
Heap after GC invocations=5 (full 0):
 PSYoungGen      total 9728K, used 997K [0x00000000f5e00000, 0x00000000f6880000, 0x0000000100000000)
  eden space 8704K, 0% used [0x00000000f5e00000,0x00000000f5e00000,0x00000000f6680000)
  from space 1024K, 97% used [0x00000000f6680000,0x00000000f6779620,0x00000000f6780000)
  to   space 1024K, 0% used [0x00000000f6780000,0x00000000f6780000,0x00000000f6880000)
 ParOldGen       total 22016K, used 5636K [0x00000000e1a00000, 0x00000000e2f80000, 0x00000000f5e00000)
  object space 22016K, 25% used [0x00000000e1a00000,0x00000000e1f81338,0x00000000e2f80000)
 Metaspace       used 20544K, capacity 21230K, committed 21296K, reserved 1069056K
  class space    used 2705K, capacity 2886K, committed 2944K, reserved 1048576K
}
Event: 14.980 GC heap before
{Heap before GC invocations=6 (full 1):
 PSYoungGen      total 9728K, used 997K [0x00000000f5e00000, 0x00000000f6880000, 0x0000000100000000)
  eden space 8704K, 0% used [0x00000000f5e00000,0x00000000f5e00000,0x00000000f6680000)
  from space 1024K, 97% used [0x00000000f6680000,0x00000000f6779620,0x00000000f6780000)
  to   space 1024K, 0% used [0x00000000f6780000,0x00000000f6780000,0x00000000f6880000)
 ParOldGen       total 22016K, used 5636K [0x00000000e1a00000, 0x00000000e2f80000, 0x00000000f5e00000)
  object space 22016K, 25% used [0x00000000e1a00000,0x00000000e1f81338,0x00000000e2f80000)
 Metaspace       used 20544K, capacity 21230K, committed 21296K, reserved 1069056K
  class space    used 2705K, capacity 2886K, committed 2944K, reserved 1048576K
Event: 15.186 GC heap after
Heap after GC invocations=6 (full 1):
 PSYoungGen      total 9728K, used 0K [0x00000000f5e00000, 0x00000000f6880000, 0x0000000100000000)
  eden space 8704K, 0% used [0x00000000f5e00000,0x00000000f5e00000,0x00000000f6680000)
  from space 1024K, 0% used [0x00000000f6680000,0x00000000f6680000,0x00000000f6780000)
  to   space 1024K, 0% used [0x00000000f6780000,0x00000000f6780000,0x00000000f6880000)
 ParOldGen       total 22016K, used 6010K [0x00000000e1a00000, 0x00000000e2f80000, 0x00000000f5e00000)
  object space 22016K, 27% used [0x00000000e1a00000,0x00000000e1fdea18,0x00000000e2f80000)
 Metaspace       used 20544K, capacity 21230K, committed 21296K, reserved 1069056K
  class space    used 2705K, capacity 2886K, committed 2944K, reserved 1048576K
}

